{"/home/tanya/track/2019-2-Track-Frontend-T-Melnikova/convertBytesToHuman.js": {"path":"/home/tanya/track/2019-2-Track-Frontend-T-Melnikova/convertBytesToHuman.js","statementMap":{"0":{"start":{"line":10,"column":2},"end":{"line":10,"column":27}},"1":{"start":{"line":15,"column":14},"end":{"line":15,"column":70}},"2":{"start":{"line":16,"column":12},"end":{"line":16,"column":13}},"3":{"start":{"line":17,"column":12},"end":{"line":17,"column":15}},"4":{"start":{"line":18,"column":2},"end":{"line":21,"column":3}},"5":{"start":{"line":19,"column":4},"end":{"line":19,"column":10}},"6":{"start":{"line":20,"column":4},"end":{"line":20,"column":33}},"7":{"start":{"line":23,"column":2},"end":{"line":29,"column":3}},"8":{"start":{"line":24,"column":18},"end":{"line":24,"column":57}},"9":{"start":{"line":25,"column":4},"end":{"line":25,"column":34}},"10":{"start":{"line":27,"column":18},"end":{"line":27,"column":59}},"11":{"start":{"line":28,"column":8},"end":{"line":28,"column":51}},"12":{"start":{"line":34,"column":2},"end":{"line":38,"column":3}},"13":{"start":{"line":35,"column":4},"end":{"line":35,"column":28}},"14":{"start":{"line":37,"column":4},"end":{"line":37,"column":17}}},"fnMap":{"0":{"name":"isInteger","decl":{"start":{"line":9,"column":9},"end":{"line":9,"column":18}},"loc":{"start":{"line":9,"column":24},"end":{"line":11,"column":1}},"line":9},"1":{"name":"GetString","decl":{"start":{"line":14,"column":9},"end":{"line":14,"column":18}},"loc":{"start":{"line":14,"column":23},"end":{"line":30,"column":1}},"line":14},"2":{"name":"convertBytesToHuman","decl":{"start":{"line":33,"column":24},"end":{"line":33,"column":43}},"loc":{"start":{"line":33,"column":51},"end":{"line":39,"column":1}},"line":33}},"branchMap":{"0":{"loc":{"start":{"line":23,"column":2},"end":{"line":29,"column":3}},"type":"if","locations":[{"start":{"line":23,"column":2},"end":{"line":29,"column":3}},{"start":{"line":23,"column":2},"end":{"line":29,"column":3}}],"line":23},"1":{"loc":{"start":{"line":34,"column":2},"end":{"line":38,"column":3}},"type":"if","locations":[{"start":{"line":34,"column":2},"end":{"line":38,"column":3}},{"start":{"line":34,"column":2},"end":{"line":38,"column":3}}],"line":34},"2":{"loc":{"start":{"line":34,"column":5},"end":{"line":34,"column":85}},"type":"binary-expr","locations":[{"start":{"line":34,"column":5},"end":{"line":34,"column":29}},{"start":{"line":34,"column":33},"end":{"line":34,"column":43}},{"start":{"line":34,"column":47},"end":{"line":34,"column":65}},{"start":{"line":34,"column":69},"end":{"line":34,"column":85}}],"line":34}},"s":{"0":7,"1":6,"2":6,"3":6,"4":6,"5":5,"6":5,"7":6,"8":0,"9":0,"10":6,"11":6,"12":14,"13":6,"14":8},"f":{"0":7,"1":6,"2":14},"b":{"0":[0,6],"1":[6,8],"2":[14,9,8,7]},"_coverageSchema":"43e27e138ebf9cfc5966b082cf9a028302ed4184","hash":"5d764ad2f1472dca28696bb2d5a41ab3ea173891"}
,"/home/tanya/track/2019-2-Track-Frontend-T-Melnikova/correctSentence.js": {"path":"/home/tanya/track/2019-2-Track-Frontend-T-Melnikova/correctSentence.js","statementMap":{"0":{"start":{"line":21,"column":2},"end":{"line":22,"column":20}},"1":{"start":{"line":22,"column":8},"end":{"line":22,"column":20}},"2":{"start":{"line":24,"column":2},"end":{"line":26,"column":3}},"3":{"start":{"line":25,"column":8},"end":{"line":25,"column":59}},"4":{"start":{"line":27,"column":2},"end":{"line":27,"column":47}}},"fnMap":{"0":{"name":"correctSentence","decl":{"start":{"line":20,"column":24},"end":{"line":20,"column":39}},"loc":{"start":{"line":20,"column":46},"end":{"line":28,"column":1}},"line":20}},"branchMap":{"0":{"loc":{"start":{"line":21,"column":2},"end":{"line":22,"column":20}},"type":"if","locations":[{"start":{"line":21,"column":2},"end":{"line":22,"column":20}},{"start":{"line":21,"column":2},"end":{"line":22,"column":20}}],"line":21},"1":{"loc":{"start":{"line":24,"column":2},"end":{"line":26,"column":3}},"type":"if","locations":[{"start":{"line":24,"column":2},"end":{"line":26,"column":3}},{"start":{"line":24,"column":2},"end":{"line":26,"column":3}}],"line":24}},"s":{"0":3,"1":0,"2":3,"3":2,"4":1},"f":{"0":3},"b":{"0":[0,3],"1":[2,1]},"_coverageSchema":"43e27e138ebf9cfc5966b082cf9a028302ed4184","hash":"a56cb256a964d9e73870085fd5d68a7abd874e66"}
,"/home/tanya/track/2019-2-Track-Frontend-T-Melnikova/nonUniqueElements.js": {"path":"/home/tanya/track/2019-2-Track-Frontend-T-Melnikova/nonUniqueElements.js","statementMap":{"0":{"start":{"line":28,"column":16},"end":{"line":28,"column":25}},"1":{"start":{"line":29,"column":16},"end":{"line":29,"column":27}},"2":{"start":{"line":31,"column":2},"end":{"line":37,"column":3}},"3":{"start":{"line":31,"column":14},"end":{"line":31,"column":15}},"4":{"start":{"line":32,"column":6},"end":{"line":36,"column":7}},"5":{"start":{"line":33,"column":10},"end":{"line":33,"column":57}},"6":{"start":{"line":35,"column":10},"end":{"line":35,"column":34}},"7":{"start":{"line":39,"column":2},"end":{"line":43,"column":3}},"8":{"start":{"line":39,"column":14},"end":{"line":39,"column":15}},"9":{"start":{"line":40,"column":6},"end":{"line":42,"column":7}},"10":{"start":{"line":41,"column":10},"end":{"line":41,"column":32}},"11":{"start":{"line":45,"column":2},"end":{"line":45,"column":17}}},"fnMap":{"0":{"name":"nonUniqueElements","decl":{"start":{"line":27,"column":24},"end":{"line":27,"column":41}},"loc":{"start":{"line":27,"column":48},"end":{"line":46,"column":1}},"line":27}},"branchMap":{"0":{"loc":{"start":{"line":32,"column":6},"end":{"line":36,"column":7}},"type":"if","locations":[{"start":{"line":32,"column":6},"end":{"line":36,"column":7}},{"start":{"line":32,"column":6},"end":{"line":36,"column":7}}],"line":32},"1":{"loc":{"start":{"line":40,"column":6},"end":{"line":42,"column":7}},"type":"if","locations":[{"start":{"line":40,"column":6},"end":{"line":42,"column":7}},{"start":{"line":40,"column":6},"end":{"line":42,"column":7}}],"line":40}},"s":{"0":4,"1":4,"2":4,"3":4,"4":21,"5":9,"6":12,"7":4,"8":4,"9":21,"10":14,"11":4},"f":{"0":4},"b":{"0":[9,12],"1":[14,7]},"_coverageSchema":"43e27e138ebf9cfc5966b082cf9a028302ed4184","hash":"dd68a9fcbb1e8b2aac43a28401911db785e41bf3"}
,"/home/tanya/track/2019-2-Track-Frontend-T-Melnikova/src/actions/counter.js": {"path":"/home/tanya/track/2019-2-Track-Frontend-T-Melnikova/src/actions/counter.js","statementMap":{"0":{"start":{"line":5,"column":22},"end":{"line":5,"column":38}},"1":{"start":{"line":6,"column":2},"end":{"line":6,"column":31}},"2":{"start":{"line":6,"column":25},"end":{"line":6,"column":31}},"3":{"start":{"line":7,"column":2},"end":{"line":7,"column":57}}},"fnMap":{"0":{"name":"incrementIfOdd","decl":{"start":{"line":4,"column":16},"end":{"line":4,"column":30}},"loc":{"start":{"line":4,"column":33},"end":{"line":8,"column":1}},"line":4}},"branchMap":{"0":{"loc":{"start":{"line":6,"column":2},"end":{"line":6,"column":31}},"type":"if","locations":[{"start":{"line":6,"column":2},"end":{"line":6,"column":31}},{"start":{"line":6,"column":2},"end":{"line":6,"column":31}}],"line":6}},"s":{"0":0,"1":0,"2":0,"3":0},"f":{"0":0},"b":{"0":[0,0]},"_coverageSchema":"43e27e138ebf9cfc5966b082cf9a028302ed4184","hash":"c8b2094cd04058e3c94fde5e6db4db59ff5df3a9"}
,"/home/tanya/track/2019-2-Track-Frontend-T-Melnikova/src/components/Counter.js": {"path":"/home/tanya/track/2019-2-Track-Frontend-T-Melnikova/src/components/Counter.js","statementMap":{"0":{"start":{"line":5,"column":14},"end":{"line":7,"column":1}},"1":{"start":{"line":10,"column":2},"end":{"line":21,"column":3}},"2":{"start":{"line":24,"column":0},"end":{"line":29,"column":1}}},"fnMap":{"0":{"name":"Counter","decl":{"start":{"line":9,"column":9},"end":{"line":9,"column":16}},"loc":{"start":{"line":9,"column":68},"end":{"line":22,"column":1}},"line":9}},"branchMap":{},"s":{"0":1,"1":1,"2":1},"f":{"0":1},"b":{},"_coverageSchema":"43e27e138ebf9cfc5966b082cf9a028302ed4184","hash":"82351fde7292126fec537fcb3067acd93725b0e2"}
,"/home/tanya/track/2019-2-Track-Frontend-T-Melnikova/src/constants/ActionTypes.js": {"path":"/home/tanya/track/2019-2-Track-Frontend-T-Melnikova/src/constants/ActionTypes.js","statementMap":{},"fnMap":{},"branchMap":{},"s":{},"f":{},"b":{},"_coverageSchema":"43e27e138ebf9cfc5966b082cf9a028302ed4184","hash":"a3077225c5be3903b303af0b4007710e15afa24d"}
,"/home/tanya/track/2019-2-Track-Frontend-T-Melnikova/src/containers/CounterContainer.js": {"path":"/home/tanya/track/2019-2-Track-Frontend-T-Melnikova/src/containers/CounterContainer.js","statementMap":{"0":{"start":{"line":9,"column":21},"end":{"line":12,"column":3}},"1":{"start":{"line":14,"column":14},"end":{"line":16,"column":3}},"2":{"start":{"line":15,"column":4},"end":{"line":15,"column":64}},"3":{"start":{"line":18,"column":14},"end":{"line":20,"column":3}},"4":{"start":{"line":19,"column":4},"end":{"line":19,"column":64}},"5":{"start":{"line":22,"column":19},"end":{"line":24,"column":3}},"6":{"start":{"line":23,"column":4},"end":{"line":23,"column":20}},"7":{"start":{"line":27,"column":4},"end":{"line":34,"column":5}},"8":{"start":{"line":39,"column":2},"end":{"line":41,"column":3}}},"fnMap":{"0":{"name":"(anonymous_0)","decl":{"start":{"line":14,"column":14},"end":{"line":14,"column":15}},"loc":{"start":{"line":14,"column":20},"end":{"line":16,"column":3}},"line":14},"1":{"name":"(anonymous_1)","decl":{"start":{"line":18,"column":14},"end":{"line":18,"column":15}},"loc":{"start":{"line":18,"column":20},"end":{"line":20,"column":3}},"line":18},"2":{"name":"(anonymous_2)","decl":{"start":{"line":22,"column":19},"end":{"line":22,"column":20}},"loc":{"start":{"line":22,"column":25},"end":{"line":24,"column":3}},"line":22},"3":{"name":"(anonymous_3)","decl":{"start":{"line":26,"column":2},"end":{"line":26,"column":3}},"loc":{"start":{"line":26,"column":11},"end":{"line":35,"column":3}},"line":26},"4":{"name":"mapStateToProps","decl":{"start":{"line":38,"column":9},"end":{"line":38,"column":24}},"loc":{"start":{"line":38,"column":32},"end":{"line":42,"column":1}},"line":38}},"branchMap":{},"s":{"0":1,"1":1,"2":0,"3":1,"4":0,"5":1,"6":0,"7":1,"8":0},"f":{"0":0,"1":0,"2":0,"3":1,"4":0},"b":{},"_coverageSchema":"43e27e138ebf9cfc5966b082cf9a028302ed4184","hash":"60cb49b5d3666b114f4088a2930187313e9f0570"}
,"/home/tanya/track/2019-2-Track-Frontend-T-Melnikova/src/reducers/counter.js": {"path":"/home/tanya/track/2019-2-Track-Frontend-T-Melnikova/src/reducers/counter.js","statementMap":{"0":{"start":{"line":3,"column":21},"end":{"line":3,"column":22}},"1":{"start":{"line":6,"column":2},"end":{"line":13,"column":3}},"2":{"start":{"line":8,"column":6},"end":{"line":8,"column":22}},"3":{"start":{"line":10,"column":6},"end":{"line":10,"column":22}},"4":{"start":{"line":12,"column":6},"end":{"line":12,"column":18}}},"fnMap":{"0":{"name":"counter","decl":{"start":{"line":5,"column":24},"end":{"line":5,"column":31}},"loc":{"start":{"line":5,"column":62},"end":{"line":14,"column":1}},"line":5}},"branchMap":{"0":{"loc":{"start":{"line":5,"column":32},"end":{"line":5,"column":52}},"type":"default-arg","locations":[{"start":{"line":5,"column":40},"end":{"line":5,"column":52}}],"line":5},"1":{"loc":{"start":{"line":6,"column":2},"end":{"line":13,"column":3}},"type":"switch","locations":[{"start":{"line":7,"column":4},"end":{"line":8,"column":22}},{"start":{"line":9,"column":4},"end":{"line":10,"column":22}},{"start":{"line":11,"column":4},"end":{"line":12,"column":18}}],"line":6}},"s":{"0":1,"1":3,"2":0,"3":0,"4":3},"f":{"0":3},"b":{"0":[3],"1":[0,0,3]},"_coverageSchema":"43e27e138ebf9cfc5966b082cf9a028302ed4184","hash":"091367df9e2b69b834eab1fc94efa053344ebea8"}
,"/home/tanya/track/2019-2-Track-Frontend-T-Melnikova/src/reducers/index.js": {"path":"/home/tanya/track/2019-2-Track-Frontend-T-Melnikova/src/reducers/index.js","statementMap":{"0":{"start":{"line":4,"column":20},"end":{"line":6,"column":2}}},"fnMap":{},"branchMap":{},"s":{"0":1},"f":{},"b":{},"_coverageSchema":"43e27e138ebf9cfc5966b082cf9a028302ed4184","hash":"f3bf5e73fd32952f37660752c214d60651e5f5d1"}
,"/home/tanya/track/2019-2-Track-Frontend-T-Melnikova/src/store/index.js": {"path":"/home/tanya/track/2019-2-Track-Frontend-T-Melnikova/src/store/index.js","statementMap":{"0":{"start":{"line":1,"column":27},"end":{"line":3,"column":25}},"1":{"start":{"line":6,"column":0},"end":{"line":6,"column":24}}},"fnMap":{},"branchMap":{"0":{"loc":{"start":{"line":1,"column":27},"end":{"line":3,"column":25}},"type":"cond-expr","locations":[{"start":{"line":2,"column":4},"end":{"line":2,"column":26}},{"start":{"line":3,"column":4},"end":{"line":3,"column":25}}],"line":1}},"s":{"0":1,"1":1},"f":{},"b":{"0":[0,1]},"_coverageSchema":"43e27e138ebf9cfc5966b082cf9a028302ed4184","hash":"27fa72273c44cd157456a08f8dedcd06e1a3d4e4"}
,"/home/tanya/track/2019-2-Track-Frontend-T-Melnikova/src/store/storeDev.js": {"path":"/home/tanya/track/2019-2-Track-Frontend-T-Melnikova/src/store/storeDev.js","statementMap":{"0":{"start":{"line":7,"column":22},"end":{"line":7,"column":34}},"1":{"start":{"line":8,"column":20},"end":{"line":11,"column":3}},"2":{"start":{"line":12,"column":27},"end":{"line":15,"column":4}},"3":{"start":{"line":16,"column":16},"end":{"line":16,"column":86}},"4":{"start":{"line":17,"column":2},"end":{"line":24,"column":3}},"5":{"start":{"line":19,"column":4},"end":{"line":23,"column":6}},"6":{"start":{"line":21,"column":26},"end":{"line":21,"column":56}},"7":{"start":{"line":22,"column":6},"end":{"line":22,"column":39}},"8":{"start":{"line":26,"column":2},"end":{"line":26,"column":14}}},"fnMap":{"0":{"name":"configureStore","decl":{"start":{"line":6,"column":24},"end":{"line":6,"column":38}},"loc":{"start":{"line":6,"column":58},"end":{"line":27,"column":1}},"line":6},"1":{"name":"(anonymous_1)","decl":{"start":{"line":19,"column":37},"end":{"line":19,"column":38}},"loc":{"start":{"line":19,"column":43},"end":{"line":23,"column":5}},"line":19}},"branchMap":{"0":{"loc":{"start":{"line":6,"column":39},"end":{"line":6,"column":56}},"type":"default-arg","locations":[{"start":{"line":6,"column":54},"end":{"line":6,"column":56}}],"line":6},"1":{"loc":{"start":{"line":17,"column":2},"end":{"line":24,"column":3}},"type":"if","locations":[{"start":{"line":17,"column":2},"end":{"line":24,"column":3}},{"start":{"line":17,"column":2},"end":{"line":24,"column":3}}],"line":17}},"s":{"0":1,"1":1,"2":1,"3":1,"4":1,"5":0,"6":0,"7":0,"8":1},"f":{"0":1,"1":0},"b":{"0":[1],"1":[0,1]},"_coverageSchema":"43e27e138ebf9cfc5966b082cf9a028302ed4184","hash":"3d37169fa3b8a510342d5802cae29a85503a9644"}
}
