{"/code/convertBytesToHuman.js": {"path":"/code/convertBytesToHuman.js","statementMap":{"0":{"start":{"line":10,"column":2},"end":{"line":10,"column":27}},"1":{"start":{"line":15,"column":2},"end":{"line":19,"column":3}},"2":{"start":{"line":16,"column":4},"end":{"line":16,"column":17}},"3":{"start":{"line":18,"column":4},"end":{"line":18,"column":17}}},"fnMap":{"0":{"name":"isInteger","decl":{"start":{"line":9,"column":9},"end":{"line":9,"column":18}},"loc":{"start":{"line":9,"column":24},"end":{"line":11,"column":1}},"line":9},"1":{"name":"convertBytesToHuman","decl":{"start":{"line":14,"column":24},"end":{"line":14,"column":43}},"loc":{"start":{"line":14,"column":51},"end":{"line":20,"column":1}},"line":14}},"branchMap":{"0":{"loc":{"start":{"line":15,"column":2},"end":{"line":19,"column":3}},"type":"if","locations":[{"start":{"line":15,"column":2},"end":{"line":19,"column":3}},{"start":{"line":15,"column":2},"end":{"line":19,"column":3}}],"line":15},"1":{"loc":{"start":{"line":15,"column":5},"end":{"line":15,"column":85}},"type":"binary-expr","locations":[{"start":{"line":15,"column":5},"end":{"line":15,"column":29}},{"start":{"line":15,"column":33},"end":{"line":15,"column":43}},{"start":{"line":15,"column":47},"end":{"line":15,"column":65}},{"start":{"line":15,"column":69},"end":{"line":15,"column":85}}],"line":15}},"s":{"0":4,"1":11,"2":3,"3":8},"f":{"0":4,"1":11},"b":{"0":[3,8],"1":[11,6,5,4]},"_coverageSchema":"43e27e138ebf9cfc5966b082cf9a028302ed4184","hash":"7096dc9527696f965df4d8f4fc4192e7a4a4b455"}
,"/code/correctSentence.js": {"path":"/code/correctSentence.js","statementMap":{"0":{"start":{"line":21,"column":2},"end":{"line":22,"column":20}},"1":{"start":{"line":22,"column":8},"end":{"line":22,"column":20}},"2":{"start":{"line":24,"column":2},"end":{"line":26,"column":3}},"3":{"start":{"line":25,"column":8},"end":{"line":25,"column":59}},"4":{"start":{"line":27,"column":2},"end":{"line":27,"column":47}}},"fnMap":{"0":{"name":"correctSentence","decl":{"start":{"line":20,"column":24},"end":{"line":20,"column":39}},"loc":{"start":{"line":20,"column":46},"end":{"line":28,"column":1}},"line":20}},"branchMap":{"0":{"loc":{"start":{"line":21,"column":2},"end":{"line":22,"column":20}},"type":"if","locations":[{"start":{"line":21,"column":2},"end":{"line":22,"column":20}},{"start":{"line":21,"column":2},"end":{"line":22,"column":20}}],"line":21},"1":{"loc":{"start":{"line":24,"column":2},"end":{"line":26,"column":3}},"type":"if","locations":[{"start":{"line":24,"column":2},"end":{"line":26,"column":3}},{"start":{"line":24,"column":2},"end":{"line":26,"column":3}}],"line":24}},"s":{"0":3,"1":0,"2":3,"3":2,"4":1},"f":{"0":3},"b":{"0":[0,3],"1":[2,1]},"_coverageSchema":"43e27e138ebf9cfc5966b082cf9a028302ed4184","hash":"05c6ff64be702af46f5bd5e844dba834727eb60c"}
,"/code/nonUniqueElements.js": {"path":"/code/nonUniqueElements.js","statementMap":{"0":{"start":{"line":28,"column":18},"end":{"line":28,"column":27}},"1":{"start":{"line":29,"column":18},"end":{"line":29,"column":29}},"2":{"start":{"line":31,"column":4},"end":{"line":37,"column":5}},"3":{"start":{"line":31,"column":16},"end":{"line":31,"column":17}},"4":{"start":{"line":32,"column":8},"end":{"line":36,"column":9}},"5":{"start":{"line":33,"column":12},"end":{"line":33,"column":59}},"6":{"start":{"line":35,"column":12},"end":{"line":35,"column":36}},"7":{"start":{"line":39,"column":4},"end":{"line":43,"column":5}},"8":{"start":{"line":39,"column":16},"end":{"line":39,"column":17}},"9":{"start":{"line":40,"column":8},"end":{"line":42,"column":9}},"10":{"start":{"line":41,"column":12},"end":{"line":41,"column":34}},"11":{"start":{"line":45,"column":4},"end":{"line":45,"column":19}}},"fnMap":{"0":{"name":"nonUniqueElements","decl":{"start":{"line":27,"column":24},"end":{"line":27,"column":41}},"loc":{"start":{"line":27,"column":48},"end":{"line":46,"column":1}},"line":27}},"branchMap":{"0":{"loc":{"start":{"line":32,"column":8},"end":{"line":36,"column":9}},"type":"if","locations":[{"start":{"line":32,"column":8},"end":{"line":36,"column":9}},{"start":{"line":32,"column":8},"end":{"line":36,"column":9}}],"line":32},"1":{"loc":{"start":{"line":40,"column":8},"end":{"line":42,"column":9}},"type":"if","locations":[{"start":{"line":40,"column":8},"end":{"line":42,"column":9}},{"start":{"line":40,"column":8},"end":{"line":42,"column":9}}],"line":40}},"s":{"0":4,"1":4,"2":4,"3":4,"4":21,"5":9,"6":12,"7":4,"8":4,"9":21,"10":14,"11":4},"f":{"0":4},"b":{"0":[9,12],"1":[14,7]},"_coverageSchema":"43e27e138ebf9cfc5966b082cf9a028302ed4184","hash":"004c2526f43b31f9800e09ad42e8b308d57b1bf3"}
,"/code/src/actions/counter.js": {"path":"/code/src/actions/counter.js","statementMap":{"0":{"start":{"line":5,"column":22},"end":{"line":5,"column":38}},"1":{"start":{"line":6,"column":2},"end":{"line":6,"column":31}},"2":{"start":{"line":6,"column":25},"end":{"line":6,"column":31}},"3":{"start":{"line":7,"column":2},"end":{"line":7,"column":57}}},"fnMap":{"0":{"name":"incrementIfOdd","decl":{"start":{"line":4,"column":16},"end":{"line":4,"column":30}},"loc":{"start":{"line":4,"column":33},"end":{"line":8,"column":1}},"line":4}},"branchMap":{"0":{"loc":{"start":{"line":6,"column":2},"end":{"line":6,"column":31}},"type":"if","locations":[{"start":{"line":6,"column":2},"end":{"line":6,"column":31}},{"start":{"line":6,"column":2},"end":{"line":6,"column":31}}],"line":6}},"s":{"0":0,"1":0,"2":0,"3":0},"f":{"0":0},"b":{"0":[0,0]},"_coverageSchema":"43e27e138ebf9cfc5966b082cf9a028302ed4184","hash":"6b892fdcd67063e9d3b25295fb8293afff4fd964"}
,"/code/src/components/Counter.js": {"path":"/code/src/components/Counter.js","statementMap":{"0":{"start":{"line":5,"column":14},"end":{"line":7,"column":1}},"1":{"start":{"line":10,"column":2},"end":{"line":21,"column":3}},"2":{"start":{"line":24,"column":0},"end":{"line":29,"column":1}}},"fnMap":{"0":{"name":"Counter","decl":{"start":{"line":9,"column":9},"end":{"line":9,"column":16}},"loc":{"start":{"line":9,"column":68},"end":{"line":22,"column":1}},"line":9}},"branchMap":{},"s":{"0":1,"1":1,"2":1},"f":{"0":1},"b":{},"_coverageSchema":"43e27e138ebf9cfc5966b082cf9a028302ed4184","hash":"9fa5d6bad8861857cb8123e25e26024341983690"}
,"/code/src/constants/ActionTypes.js": {"path":"/code/src/constants/ActionTypes.js","statementMap":{},"fnMap":{},"branchMap":{},"s":{},"f":{},"b":{},"_coverageSchema":"43e27e138ebf9cfc5966b082cf9a028302ed4184","hash":"bb2ebfaa73a7fa662fc0f26146e08a2508f0e39d"}
,"/code/src/containers/CounterContainer.js": {"path":"/code/src/containers/CounterContainer.js","statementMap":{"0":{"start":{"line":9,"column":21},"end":{"line":12,"column":3}},"1":{"start":{"line":14,"column":14},"end":{"line":16,"column":3}},"2":{"start":{"line":15,"column":4},"end":{"line":15,"column":64}},"3":{"start":{"line":18,"column":14},"end":{"line":20,"column":3}},"4":{"start":{"line":19,"column":4},"end":{"line":19,"column":64}},"5":{"start":{"line":22,"column":19},"end":{"line":24,"column":3}},"6":{"start":{"line":23,"column":4},"end":{"line":23,"column":20}},"7":{"start":{"line":27,"column":4},"end":{"line":34,"column":5}},"8":{"start":{"line":39,"column":2},"end":{"line":41,"column":3}}},"fnMap":{"0":{"name":"(anonymous_0)","decl":{"start":{"line":14,"column":14},"end":{"line":14,"column":15}},"loc":{"start":{"line":14,"column":20},"end":{"line":16,"column":3}},"line":14},"1":{"name":"(anonymous_1)","decl":{"start":{"line":18,"column":14},"end":{"line":18,"column":15}},"loc":{"start":{"line":18,"column":20},"end":{"line":20,"column":3}},"line":18},"2":{"name":"(anonymous_2)","decl":{"start":{"line":22,"column":19},"end":{"line":22,"column":20}},"loc":{"start":{"line":22,"column":25},"end":{"line":24,"column":3}},"line":22},"3":{"name":"(anonymous_3)","decl":{"start":{"line":26,"column":2},"end":{"line":26,"column":3}},"loc":{"start":{"line":26,"column":11},"end":{"line":35,"column":3}},"line":26},"4":{"name":"mapStateToProps","decl":{"start":{"line":38,"column":9},"end":{"line":38,"column":24}},"loc":{"start":{"line":38,"column":32},"end":{"line":42,"column":1}},"line":38}},"branchMap":{},"s":{"0":1,"1":1,"2":0,"3":1,"4":0,"5":1,"6":0,"7":1,"8":0},"f":{"0":0,"1":0,"2":0,"3":1,"4":0},"b":{},"_coverageSchema":"43e27e138ebf9cfc5966b082cf9a028302ed4184","hash":"96e02fc411bc1a181888c6616eae52db9a6b895d"}
,"/code/src/reducers/counter.js": {"path":"/code/src/reducers/counter.js","statementMap":{"0":{"start":{"line":3,"column":21},"end":{"line":3,"column":22}},"1":{"start":{"line":6,"column":2},"end":{"line":13,"column":3}},"2":{"start":{"line":8,"column":6},"end":{"line":8,"column":22}},"3":{"start":{"line":10,"column":6},"end":{"line":10,"column":22}},"4":{"start":{"line":12,"column":6},"end":{"line":12,"column":18}}},"fnMap":{"0":{"name":"counter","decl":{"start":{"line":5,"column":24},"end":{"line":5,"column":31}},"loc":{"start":{"line":5,"column":62},"end":{"line":14,"column":1}},"line":5}},"branchMap":{"0":{"loc":{"start":{"line":5,"column":32},"end":{"line":5,"column":52}},"type":"default-arg","locations":[{"start":{"line":5,"column":40},"end":{"line":5,"column":52}}],"line":5},"1":{"loc":{"start":{"line":6,"column":2},"end":{"line":13,"column":3}},"type":"switch","locations":[{"start":{"line":7,"column":4},"end":{"line":8,"column":22}},{"start":{"line":9,"column":4},"end":{"line":10,"column":22}},{"start":{"line":11,"column":4},"end":{"line":12,"column":18}}],"line":6}},"s":{"0":1,"1":3,"2":0,"3":0,"4":3},"f":{"0":3},"b":{"0":[3],"1":[0,0,3]},"_coverageSchema":"43e27e138ebf9cfc5966b082cf9a028302ed4184","hash":"e279ec3dd2964d17319f0dc0f658141bb4f86dd8"}
,"/code/src/reducers/index.js": {"path":"/code/src/reducers/index.js","statementMap":{"0":{"start":{"line":4,"column":20},"end":{"line":6,"column":2}}},"fnMap":{},"branchMap":{},"s":{"0":1},"f":{},"b":{},"_coverageSchema":"43e27e138ebf9cfc5966b082cf9a028302ed4184","hash":"9c5d629875e44f3409159bba4dfd19786518fe76"}
,"/code/src/store/index.js": {"path":"/code/src/store/index.js","statementMap":{"0":{"start":{"line":1,"column":27},"end":{"line":3,"column":25}},"1":{"start":{"line":6,"column":0},"end":{"line":6,"column":24}}},"fnMap":{},"branchMap":{"0":{"loc":{"start":{"line":1,"column":27},"end":{"line":3,"column":25}},"type":"cond-expr","locations":[{"start":{"line":2,"column":4},"end":{"line":2,"column":26}},{"start":{"line":3,"column":4},"end":{"line":3,"column":25}}],"line":1}},"s":{"0":1,"1":1},"f":{},"b":{"0":[0,1]},"_coverageSchema":"43e27e138ebf9cfc5966b082cf9a028302ed4184","hash":"0f5a425feb73c1b7ebdc2c7fdaf4880b313123ec"}
,"/code/src/store/storeDev.js": {"path":"/code/src/store/storeDev.js","statementMap":{"0":{"start":{"line":7,"column":22},"end":{"line":7,"column":34}},"1":{"start":{"line":8,"column":20},"end":{"line":11,"column":3}},"2":{"start":{"line":12,"column":27},"end":{"line":15,"column":4}},"3":{"start":{"line":16,"column":16},"end":{"line":16,"column":86}},"4":{"start":{"line":17,"column":2},"end":{"line":24,"column":3}},"5":{"start":{"line":19,"column":4},"end":{"line":23,"column":6}},"6":{"start":{"line":21,"column":26},"end":{"line":21,"column":56}},"7":{"start":{"line":22,"column":6},"end":{"line":22,"column":39}},"8":{"start":{"line":26,"column":2},"end":{"line":26,"column":14}}},"fnMap":{"0":{"name":"configureStore","decl":{"start":{"line":6,"column":24},"end":{"line":6,"column":38}},"loc":{"start":{"line":6,"column":58},"end":{"line":27,"column":1}},"line":6},"1":{"name":"(anonymous_1)","decl":{"start":{"line":19,"column":37},"end":{"line":19,"column":38}},"loc":{"start":{"line":19,"column":43},"end":{"line":23,"column":5}},"line":19}},"branchMap":{"0":{"loc":{"start":{"line":6,"column":39},"end":{"line":6,"column":56}},"type":"default-arg","locations":[{"start":{"line":6,"column":54},"end":{"line":6,"column":56}}],"line":6},"1":{"loc":{"start":{"line":17,"column":2},"end":{"line":24,"column":3}},"type":"if","locations":[{"start":{"line":17,"column":2},"end":{"line":24,"column":3}},{"start":{"line":17,"column":2},"end":{"line":24,"column":3}}],"line":17}},"s":{"0":1,"1":1,"2":1,"3":1,"4":1,"5":0,"6":0,"7":0,"8":1},"f":{"0":1,"1":0},"b":{"0":[1],"1":[0,1]},"_coverageSchema":"43e27e138ebf9cfc5966b082cf9a028302ed4184","hash":"fc9949f70f3d4395e8e94899aebad53ec961bdf3"}
}
