TN:
SF:/home/tanya/track/2019-2-Track-Frontend-T-Melnikova/convertBytesToHuman.js
FN:9,isInteger
FN:14,GetString
FN:33,convertBytesToHuman
FNF:3
FNH:3
FNDA:7,isInteger
FNDA:6,GetString
FNDA:14,convertBytesToHuman
DA:10,7
DA:15,6
DA:16,6
DA:17,6
DA:18,6
DA:19,5
DA:20,5
DA:23,6
DA:24,0
DA:25,0
DA:27,6
DA:28,6
DA:34,14
DA:35,6
DA:37,8
LF:15
LH:13
BRDA:23,0,0,0
BRDA:23,0,1,6
BRDA:34,1,0,6
BRDA:34,1,1,8
BRDA:34,2,0,14
BRDA:34,2,1,9
BRDA:34,2,2,8
BRDA:34,2,3,7
BRF:8
BRH:7
end_of_record
TN:
SF:/home/tanya/track/2019-2-Track-Frontend-T-Melnikova/correctSentence.js
FN:20,correctSentence
FNF:1
FNH:1
FNDA:3,correctSentence
DA:21,3
DA:22,0
DA:24,3
DA:25,2
DA:27,1
LF:5
LH:4
BRDA:21,0,0,0
BRDA:21,0,1,3
BRDA:24,1,0,2
BRDA:24,1,1,1
BRF:4
BRH:3
end_of_record
TN:
SF:/home/tanya/track/2019-2-Track-Frontend-T-Melnikova/nonUniqueElements.js
FN:27,nonUniqueElements
FNF:1
FNH:1
FNDA:4,nonUniqueElements
DA:28,4
DA:29,4
DA:31,4
DA:32,21
DA:33,9
DA:35,12
DA:39,4
DA:40,21
DA:41,14
DA:45,4
LF:10
LH:10
BRDA:32,0,0,9
BRDA:32,0,1,12
BRDA:40,1,0,14
BRDA:40,1,1,7
BRF:4
BRH:4
end_of_record
TN:
SF:/home/tanya/track/2019-2-Track-Frontend-T-Melnikova/src/actions/counter.js
FN:4,incrementIfOdd
FNF:1
FNH:0
FNDA:0,incrementIfOdd
DA:5,0
DA:6,0
DA:7,0
LF:3
LH:0
BRDA:6,0,0,0
BRDA:6,0,1,0
BRF:2
BRH:0
end_of_record
TN:
SF:/home/tanya/track/2019-2-Track-Frontend-T-Melnikova/src/components/Counter.js
FN:9,Counter
FNF:1
FNH:1
FNDA:1,Counter
DA:5,1
DA:10,1
DA:24,1
LF:3
LH:3
BRF:0
BRH:0
end_of_record
TN:
SF:/home/tanya/track/2019-2-Track-Frontend-T-Melnikova/src/constants/ActionTypes.js
FNF:0
FNH:0
LF:0
LH:0
BRF:0
BRH:0
end_of_record
TN:
SF:/home/tanya/track/2019-2-Track-Frontend-T-Melnikova/src/containers/CounterContainer.js
FN:14,(anonymous_0)
FN:18,(anonymous_1)
FN:22,(anonymous_2)
FN:26,(anonymous_3)
FN:38,mapStateToProps
FNF:5
FNH:1
FNDA:0,(anonymous_0)
FNDA:0,(anonymous_1)
FNDA:0,(anonymous_2)
FNDA:1,(anonymous_3)
FNDA:0,mapStateToProps
DA:9,1
DA:14,1
DA:15,0
DA:18,1
DA:19,0
DA:22,1
DA:23,0
DA:27,1
DA:39,0
LF:9
LH:5
BRF:0
BRH:0
end_of_record
TN:
SF:/home/tanya/track/2019-2-Track-Frontend-T-Melnikova/src/reducers/counter.js
FN:5,counter
FNF:1
FNH:1
FNDA:3,counter
DA:3,1
DA:6,3
DA:8,0
DA:10,0
DA:12,3
LF:5
LH:3
BRDA:5,0,0,3
BRDA:6,1,0,0
BRDA:6,1,1,0
BRDA:6,1,2,3
BRF:4
BRH:2
end_of_record
TN:
SF:/home/tanya/track/2019-2-Track-Frontend-T-Melnikova/src/reducers/index.js
FNF:0
FNH:0
DA:4,1
LF:1
LH:1
BRF:0
BRH:0
end_of_record
TN:
SF:/home/tanya/track/2019-2-Track-Frontend-T-Melnikova/src/store/index.js
FNF:0
FNH:0
DA:1,1
DA:6,1
LF:2
LH:2
BRDA:1,0,0,0
BRDA:1,0,1,1
BRF:2
BRH:1
end_of_record
TN:
SF:/home/tanya/track/2019-2-Track-Frontend-T-Melnikova/src/store/storeDev.js
FN:6,configureStore
FN:19,(anonymous_1)
FNF:2
FNH:1
FNDA:1,configureStore
FNDA:0,(anonymous_1)
DA:7,1
DA:8,1
DA:12,1
DA:16,1
DA:17,1
DA:19,0
DA:21,0
DA:22,0
DA:26,1
LF:9
LH:6
BRDA:6,0,0,1
BRDA:17,1,0,0
BRDA:17,1,1,1
BRF:3
BRH:2
end_of_record
